FILE_TYPE=LIBRARY_PARTS;
PRIMITIVE 'YFF15PC1A224MT000N','YFF15PC1A224MT000N_Other';
  PIN
    'IN/OUT':
      PIN_NUMBER='(1)';
      NO_LOAD_CHECK=BOTH;
      NO_IO_CHECK=BOTH;
      ALLOW_CONNECT=TRUE;
      PINUSE='UNSPEC';
    'GND_1':
      PIN_NUMBER='(2)';
      NO_LOAD_CHECK=BOTH;
      NO_IO_CHECK=BOTH;
      ALLOW_CONNECT=TRUE;
      PINUSE='UNSPEC';
    'OUT/IN':
      PIN_NUMBER='(3)';
      NO_LOAD_CHECK=BOTH;
      NO_IO_CHECK=BOTH;
      ALLOW_CONNECT=TRUE;
      PINUSE='UNSPEC';
    'GND_2':
      PIN_NUMBER='(4)';
      NO_LOAD_CHECK=BOTH;
      NO_IO_CHECK=BOTH;
      ALLOW_CONNECT=TRUE;
      PINUSE='UNSPEC';
  END_PIN;
  BODY
    PART_NAME='YFF15PC1A224MT000N';
    PHYS_DES_PREFIX='FL';
    NO_LOAD_CHECK='TRUE';
    PIN_COUNT='4';
    BODY_NAME='YFF15PC1A224MT000N';
    JEDEC_TYPE='YFF15PC';
  END_BODY;
END_PRIMITIVE;
END.
